<?xml version="1.0" encoding="UTF-8"?>
<testsuite xmlns:xsi="http://www.w3.org/2001/XMLSchema-instance" xsi:noNamespaceSchemaLocation="https://maven.apache.org/surefire/maven-surefire-plugin/xsd/surefire-test-report.xsd" name="com.facebook.AppTest" time="0.181" tests="1" errors="0" skipped="0" failures="0">
  <properties>
    <property name="sun.desktop" value="windows"/>
    <property name="awt.toolkit" value="sun.awt.windows.WToolkit"/>
    <property name="file.encoding.pkg" value="sun.io"/>
    <property name="java.specification.version" value="1.8"/>
    <property name="sun.cpu.isalist" value="amd64"/>
    <property name="sun.jnu.encoding" value="Cp1252"/>
    <property name="java.class.path" value="C:\Users\JUDE\my-app\target\test-classes;C:\Users\JUDE\my-app\target\classes;C:\Users\JUDE\.m2\repository\junit\junit\4.11\junit-4.11.jar;C:\Users\JUDE\.m2\repository\org\hamcrest\hamcrest-core\1.3\hamcrest-core-1.3.jar;C:\Users\JUDE\.m2\repository\de\pentabyte\google-static-map-creator\2.3.0\google-static-map-creator-2.3.0.jar;C:\Users\JUDE\.m2\repository\org\apache\httpcomponents\httpclient\4.5\httpclient-4.5.jar;C:\Users\JUDE\.m2\repository\org\apache\httpcomponents\httpcore\4.4.1\httpcore-4.4.1.jar;C:\Users\JUDE\.m2\repository\commons-logging\commons-logging\1.2\commons-logging-1.2.jar;C:\Users\JUDE\.m2\repository\commons-codec\commons-codec\1.9\commons-codec-1.9.jar;C:\Users\JUDE\.m2\repository\org\apache\commons\commons-lang3\3.7\commons-lang3-3.7.jar;C:\Users\JUDE\.m2\repository\com\ibeetl\mysql\3.16.0-RELEASE\mysql-3.16.0-RELEASE.jar;C:\Users\JUDE\.m2\repository\mysql\mysql-connector-java\8.0.20\mysql-connector-java-8.0.20.jar;C:\Users\JUDE\.m2\repository\com\google\protobuf\protobuf-java\3.6.1\protobuf-java-3.6.1.jar;C:\Users\JUDE\.m2\repository\com\zaxxer\HikariCP\3.3.1\HikariCP-3.3.1.jar;C:\Users\JUDE\.m2\repository\org\slf4j\slf4j-api\1.7.25\slf4j-api-1.7.25.jar;C:\Users\JUDE\.m2\repository\com\ibeetl\beetlsql\3.16.0-RELEASE\beetlsql-3.16.0-RELEASE.jar;C:\Users\JUDE\.m2\repository\com\ibeetl\sql-core\3.16.0-RELEASE\sql-core-3.16.0-RELEASE.jar;C:\Users\JUDE\.m2\repository\com\ibeetl\sql-util\3.16.0-RELEASE\sql-util-3.16.0-RELEASE.jar;C:\Users\JUDE\.m2\repository\com\github\jsqlparser\jsqlparser\4.1\jsqlparser-4.1.jar;C:\Users\JUDE\.m2\repository\javax\validation\validation-api\1.1.0.Final\validation-api-1.1.0.Final.jar;C:\Users\JUDE\.m2\repository\com\ibeetl\sql-gen\3.16.0-RELEASE\sql-gen-3.16.0-RELEASE.jar;C:\Users\JUDE\.m2\repository\com\ibeetl\sql-fetch\3.16.0-RELEASE\sql-fetch-3.16.0-RELEASE.jar;C:\Users\JUDE\.m2\repository\com\ibeetl\sql-mapper\3.16.0-RELEASE\sql-mapper-3.16.0-RELEASE.jar;C:\Users\JUDE\.m2\repository\com\ibeetl\beetl\3.10.0.RELEASE\beetl-3.10.0.RELEASE.jar;C:\Users\JUDE\.m2\repository\org\antlr\antlr4-runtime\4.9.2\antlr4-runtime-4.9.2.jar;"/>
    <property name="java.vm.vendor" value="Oracle Corporation"/>
    <property name="sun.arch.data.model" value="64"/>
    <property name="user.variant" value=""/>
    <property name="java.vendor.url" value="http://java.oracle.com/"/>
    <property name="user.timezone" value="Africa/Luanda"/>
    <property name="java.vm.specification.version" value="1.8"/>
    <property name="os.name" value="Windows 10"/>
    <property name="user.country" value="US"/>
    <property name="sun.java.launcher" value="SUN_STANDARD"/>
    <property name="sun.boot.library.path" value="C:\Program Files\Java\jdk1.8.0_202\jre\bin"/>
    <property name="sun.java.command" value="C:\Users\JUDE\AppData\Local\Temp\surefire5512206340771082103\surefirebooter3885526609141131121.jar C:\Users\JUDE\AppData\Local\Temp\surefire5512206340771082103 2022-08-24T20-07-40_817-jvmRun1 surefire6467847941123448491tmp surefire_07299775205826068906tmp"/>
    <property name="surefire.test.class.path" value="C:\Users\JUDE\my-app\target\test-classes;C:\Users\JUDE\my-app\target\classes;C:\Users\JUDE\.m2\repository\junit\junit\4.11\junit-4.11.jar;C:\Users\JUDE\.m2\repository\org\hamcrest\hamcrest-core\1.3\hamcrest-core-1.3.jar;C:\Users\JUDE\.m2\repository\de\pentabyte\google-static-map-creator\2.3.0\google-static-map-creator-2.3.0.jar;C:\Users\JUDE\.m2\repository\org\apache\httpcomponents\httpclient\4.5\httpclient-4.5.jar;C:\Users\JUDE\.m2\repository\org\apache\httpcomponents\httpcore\4.4.1\httpcore-4.4.1.jar;C:\Users\JUDE\.m2\repository\commons-logging\commons-logging\1.2\commons-logging-1.2.jar;C:\Users\JUDE\.m2\repository\commons-codec\commons-codec\1.9\commons-codec-1.9.jar;C:\Users\JUDE\.m2\repository\org\apache\commons\commons-lang3\3.7\commons-lang3-3.7.jar;C:\Users\JUDE\.m2\repository\com\ibeetl\mysql\3.16.0-RELEASE\mysql-3.16.0-RELEASE.jar;C:\Users\JUDE\.m2\repository\mysql\mysql-connector-java\8.0.20\mysql-connector-java-8.0.20.jar;C:\Users\JUDE\.m2\repository\com\google\protobuf\protobuf-java\3.6.1\protobuf-java-3.6.1.jar;C:\Users\JUDE\.m2\repository\com\zaxxer\HikariCP\3.3.1\HikariCP-3.3.1.jar;C:\Users\JUDE\.m2\repository\org\slf4j\slf4j-api\1.7.25\slf4j-api-1.7.25.jar;C:\Users\JUDE\.m2\repository\com\ibeetl\beetlsql\3.16.0-RELEASE\beetlsql-3.16.0-RELEASE.jar;C:\Users\JUDE\.m2\repository\com\ibeetl\sql-core\3.16.0-RELEASE\sql-core-3.16.0-RELEASE.jar;C:\Users\JUDE\.m2\repository\com\ibeetl\sql-util\3.16.0-RELEASE\sql-util-3.16.0-RELEASE.jar;C:\Users\JUDE\.m2\repository\com\github\jsqlparser\jsqlparser\4.1\jsqlparser-4.1.jar;C:\Users\JUDE\.m2\repository\javax\validation\validation-api\1.1.0.Final\validation-api-1.1.0.Final.jar;C:\Users\JUDE\.m2\repository\com\ibeetl\sql-gen\3.16.0-RELEASE\sql-gen-3.16.0-RELEASE.jar;C:\Users\JUDE\.m2\repository\com\ibeetl\sql-fetch\3.16.0-RELEASE\sql-fetch-3.16.0-RELEASE.jar;C:\Users\JUDE\.m2\repository\com\ibeetl\sql-mapper\3.16.0-RELEASE\sql-mapper-3.16.0-RELEASE.jar;C:\Users\JUDE\.m2\repository\com\ibeetl\beetl\3.10.0.RELEASE\beetl-3.10.0.RELEASE.jar;C:\Users\JUDE\.m2\repository\org\antlr\antlr4-runtime\4.9.2\antlr4-runtime-4.9.2.jar;"/>
    <property name="sun.cpu.endian" value="little"/>
    <property name="user.home" value="C:\Users\JUDE"/>
    <property name="user.language" value="en"/>
    <property name="java.specification.vendor" value="Oracle Corporation"/>
    <property name="java.home" value="C:\Program Files\Java\jdk1.8.0_202\jre"/>
    <property name="basedir" value="C:\Users\JUDE\my-app"/>
    <property name="file.separator" value="\"/>
    <property name="line.separator" value="&#10;"/>
    <property name="java.vm.specification.vendor" value="Oracle Corporation"/>
    <property name="java.specification.name" value="Java Platform API Specification"/>
    <property name="java.awt.graphicsenv" value="sun.awt.Win32GraphicsEnvironment"/>
    <property name="surefire.real.class.path" value="C:\Users\JUDE\AppData\Local\Temp\surefire5512206340771082103\surefirebooter3885526609141131121.jar"/>
    <property name="sun.boot.class.path" value="C:\Program Files\Java\jdk1.8.0_202\jre\lib\resources.jar;C:\Program Files\Java\jdk1.8.0_202\jre\lib\rt.jar;C:\Program Files\Java\jdk1.8.0_202\jre\lib\sunrsasign.jar;C:\Program Files\Java\jdk1.8.0_202\jre\lib\jsse.jar;C:\Program Files\Java\jdk1.8.0_202\jre\lib\jce.jar;C:\Program Files\Java\jdk1.8.0_202\jre\lib\charsets.jar;C:\Program Files\Java\jdk1.8.0_202\jre\lib\jfr.jar;C:\Program Files\Java\jdk1.8.0_202\jre\classes"/>
    <property name="user.script" value=""/>
    <property name="sun.management.compiler" value="HotSpot 64-Bit Tiered Compilers"/>
    <property name="java.runtime.version" value="1.8.0_202-b08"/>
    <property name="user.name" value="JUDE"/>
    <property name="path.separator" value=";"/>
    <property name="os.version" value="10.0"/>
    <property name="java.endorsed.dirs" value="C:\Program Files\Java\jdk1.8.0_202\jre\lib\endorsed"/>
    <property name="java.runtime.name" value="Java(TM) SE Runtime Environment"/>
    <property name="file.encoding" value="Cp1252"/>
    <property name="java.vm.name" value="Java HotSpot(TM) 64-Bit Server VM"/>
    <property name="localRepository" value="C:\Users\JUDE\.m2\repository"/>
    <property name="java.vendor.url.bug" value="http://bugreport.sun.com/bugreport/"/>
    <property name="java.io.tmpdir" value="C:\Users\JUDE\AppData\Local\Temp\"/>
    <property name="java.version" value="1.8.0_202"/>
    <property name="user.dir" value="C:\Users\JUDE\my-app"/>
    <property name="os.arch" value="amd64"/>
    <property name="java.vm.specification.name" value="Java Virtual Machine Specification"/>
    <property name="java.awt.printerjob" value="sun.awt.windows.WPrinterJob"/>
    <property name="sun.os.patch.level" value=""/>
    <property name="java.library.path" value="C:\Program Files\Java\jdk1.8.0_202\jre\bin;C:\Windows\Sun\Java\bin;C:\Windows\system32;C:\Windows;C:\Program Files (x86)\Common Files\Oracle\Java\javapath;C:\Windows\system32;C:\Windows;C:\Windows\System32\Wbem;C:\Windows\System32\WindowsPowerShell\v1.0\;C:\Windows\System32\OpenSSH\;C:\Program Files\Git\cmd;C:\Program Files\Docker\Docker\resources\bin;C:\ProgramData\DockerDesktop\version-bin;C:\Program Files\Java\jdk1.8.0_202\bin;C:\Users\JUDE\Downloads\apache-maven-3.8.6-bin\apache-maven-3.8.6\bin;C:\Users\JUDE\AppData\Local\Microsoft\WindowsApps;;C:\Users\JUDE\AppData\Local\Programs\Microsoft VS Code\bin;."/>
    <property name="java.vm.info" value="mixed mode"/>
    <property name="java.vendor" value="Oracle Corporation"/>
    <property name="java.vm.version" value="25.202-b08"/>
    <property name="java.ext.dirs" value="C:\Program Files\Java\jdk1.8.0_202\jre\lib\ext;C:\Windows\Sun\Java\lib\ext"/>
    <property name="sun.io.unicode.encoding" value="UnicodeLittle"/>
    <property name="java.class.version" value="52.0"/>
  </properties>
  <testcase name="shouldAnswerWithTrue" classname="com.facebook.AppTest" time="0.007"/>
</testsuite>